<?xml version="1.0" encoding="UTF-8"?>
<!-- Generated by org.testng.reporters.JUnitReportReporter -->
<testsuite hostname="UNICOI-QA22L" failures="0" tests="1" name="testclasses.FinalCartPageTest" time="51.065" errors="1" timestamp="2022-11-06T17:11:12 IST" skipped="0">
  <testcase classname="testclasses.FinalCartPageTest" name="finalize_Cartbutton" time="51.065">
    <error message="element click intercepted: Element &lt;button class=&quot;ands-btn ands-primary md-button nova-primary-btn-override md-button md-ink-ripple ng-not-empty ng-valid grid-cart-breakup-btn&quot; type=&quot;button&quot; ng-transclude=&quot;&quot; ng-class=&quot;(displayAction.actions.length &gt; 1 &amp;amp;&amp;amp; !displayAction.isReadOnlyMode) ? &#039;grid-cart-breakup-btn&#039; : &#039;grid-cart-single-action-btn&#039;&quot; ng-model=&quot;displayAction.primaryAction&quot; ng-click=&quot;displayAction.doAction(displayAction.primaryAction)&quot; ng-if=&quot;displayAction.primaryAction&quot; aria-invalid=&quot;false&quot;&gt;...&lt;/button&gt; is not clickable at point (1454, 86). Other element would receive the click: &lt;div ng-class=&quot;{&#039;pricing-read-only&#039;: displayAction.isPricingInProgress()}&quot; class=&quot;pricing-read-only&quot;&gt;...&lt;/div&gt;
  (Session info: chrome=107.0.5304.88)
Build info: version: &#039;4.2.2&#039;, revision: &#039;683ccb65d6&#039;
System info: host: &#039;UNICOI-QA22L&#039;, ip: &#039;192.168.1.101&#039;, os.name: &#039;Windows 10&#039;, os.arch: &#039;amd64&#039;, os.version: &#039;10.0&#039;, java.version: &#039;18.0.2.1&#039;
Driver info: org.openqa.selenium.chrome.ChromeDriver
Command: [dd7a4a30a177e79e47051cab0057dc52, clickElement {id=ec57f9fa-d6ba-43b3-83a4-bb3b51898a85}]
Capabilities {acceptInsecureCerts: false, browserName: chrome, browserVersion: 107.0.5304.88, chrome: {chromedriverVersion: 107.0.5304.62 (1eec40d3a576..., userDataDir: C:\Users\sugale\AppData\Loc...}, goog:chromeOptions: {debuggerAddress: localhost:59000}, networkConnectionEnabled: false, pageLoadStrategy: normal, platformName: WINDOWS, proxy: Proxy(), se:cdp: ws://localhost:59000/devtoo..., se:cdpVersion: 107.0.5304.88, setWindowRect: true, strictFileInteractability: false, timeouts: {implicit: 0, pageLoad: 300000, script: 30000}, unhandledPromptBehavior: dismiss and notify, webauthn:extension:credBlob: true, webauthn:extension:largeBlob: true, webauthn:virtualAuthenticators: true}
Element: [[ChromeDriver: chrome on WINDOWS (dd7a4a30a177e79e47051cab0057dc52)] -&gt; xpath: //button[contains(text(),&#039;Finalize&#039;)]]
Session ID: dd7a4a30a177e79e47051cab0057dc52" type="org.openqa.selenium.ElementClickInterceptedException">
      <![CDATA[org.openqa.selenium.ElementClickInterceptedException: element click intercepted: Element <button class="ands-btn ands-primary md-button nova-primary-btn-override md-button md-ink-ripple ng-not-empty ng-valid grid-cart-breakup-btn" type="button" ng-transclude="" ng-class="(displayAction.actions.length > 1 &amp;&amp; !displayAction.isReadOnlyMode) ? 'grid-cart-breakup-btn' : 'grid-cart-single-action-btn'" ng-model="displayAction.primaryAction" ng-click="displayAction.doAction(displayAction.primaryAction)" ng-if="displayAction.primaryAction" aria-invalid="false">...</button> is not clickable at point (1454, 86). Other element would receive the click: <div ng-class="{'pricing-read-only': displayAction.isPricingInProgress()}" class="pricing-read-only">...</div>
  (Session info: chrome=107.0.5304.88)
Build info: version: '4.2.2', revision: '683ccb65d6'
System info: host: 'UNICOI-QA22L', ip: '192.168.1.101', os.name: 'Windows 10', os.arch: 'amd64', os.version: '10.0', java.version: '18.0.2.1'
Driver info: org.openqa.selenium.chrome.ChromeDriver
Command: [dd7a4a30a177e79e47051cab0057dc52, clickElement {id=ec57f9fa-d6ba-43b3-83a4-bb3b51898a85}]
Capabilities {acceptInsecureCerts: false, browserName: chrome, browserVersion: 107.0.5304.88, chrome: {chromedriverVersion: 107.0.5304.62 (1eec40d3a576..., userDataDir: C:\Users\sugale\AppData\Loc...}, goog:chromeOptions: {debuggerAddress: localhost:59000}, networkConnectionEnabled: false, pageLoadStrategy: normal, platformName: WINDOWS, proxy: Proxy(), se:cdp: ws://localhost:59000/devtoo..., se:cdpVersion: 107.0.5304.88, setWindowRect: true, strictFileInteractability: false, timeouts: {implicit: 0, pageLoad: 300000, script: 30000}, unhandledPromptBehavior: dismiss and notify, webauthn:extension:credBlob: true, webauthn:extension:largeBlob: true, webauthn:virtualAuthenticators: true}
Element: [[ChromeDriver: chrome on WINDOWS (dd7a4a30a177e79e47051cab0057dc52)] -> xpath: //button[contains(text(),'Finalize')]]
Session ID: dd7a4a30a177e79e47051cab0057dc52
at java.base/jdk.internal.reflect.DirectConstructorHandleAccessor.newInstance(DirectConstructorHandleAccessor.java:67)
at java.base/java.lang.reflect.Constructor.newInstanceWithCaller(Constructor.java:499)
at java.base/java.lang.reflect.Constructor.newInstance(Constructor.java:483)
at org.openqa.selenium.remote.codec.w3c.W3CHttpResponseCodec.createException(W3CHttpResponseCodec.java:200)
at org.openqa.selenium.remote.codec.w3c.W3CHttpResponseCodec.decode(W3CHttpResponseCodec.java:133)
at org.openqa.selenium.remote.codec.w3c.W3CHttpResponseCodec.decode(W3CHttpResponseCodec.java:53)
at org.openqa.selenium.remote.HttpCommandExecutor.execute(HttpCommandExecutor.java:184)
at org.openqa.selenium.remote.service.DriverCommandExecutor.invokeExecute(DriverCommandExecutor.java:167)
at org.openqa.selenium.remote.service.DriverCommandExecutor.execute(DriverCommandExecutor.java:142)
at org.openqa.selenium.remote.RemoteWebDriver.execute(RemoteWebDriver.java:588)
at org.openqa.selenium.remote.RemoteWebElement.execute(RemoteWebElement.java:257)
at org.openqa.selenium.remote.RemoteWebElement.click(RemoteWebElement.java:78)
at java.base/jdk.internal.reflect.DirectMethodHandleAccessor.invoke(DirectMethodHandleAccessor.java:104)
at java.base/java.lang.reflect.Method.invoke(Method.java:577)
at org.openqa.selenium.support.pagefactory.internal.LocatingElementHandler.invoke(LocatingElementHandler.java:52)
at jdk.proxy2/jdk.proxy2.$Proxy16.click(Unknown Source)
at Pages.FinalCartPage.finalize_button(FinalCartPage.java:33)
at testclasses.FinalCartPageTest.finalize_Cartbutton(FinalCartPageTest.java:14)
at java.base/jdk.internal.reflect.DirectMethodHandleAccessor.invoke(DirectMethodHandleAccessor.java:104)
at java.base/java.lang.reflect.Method.invoke(Method.java:577)
at org.testng.internal.invokers.MethodInvocationHelper.invokeMethod(MethodInvocationHelper.java:139)
at org.testng.internal.invokers.TestInvoker.invokeMethod(TestInvoker.java:677)
at org.testng.internal.invokers.TestInvoker.invokeTestMethod(TestInvoker.java:221)
at org.testng.internal.invokers.MethodRunner.runInSequence(MethodRunner.java:50)
at org.testng.internal.invokers.TestInvoker$MethodInvocationAgent.invoke(TestInvoker.java:962)
at org.testng.internal.invokers.TestInvoker.invokeTestMethods(TestInvoker.java:194)
at org.testng.internal.invokers.TestMethodWorker.invokeTestMethods(TestMethodWorker.java:148)
at org.testng.internal.invokers.TestMethodWorker.run(TestMethodWorker.java:128)
at java.base/java.util.ArrayList.forEach(ArrayList.java:1511)
at org.testng.TestRunner.privateRun(TestRunner.java:806)
at org.testng.TestRunner.run(TestRunner.java:601)
at org.testng.SuiteRunner.runTest(SuiteRunner.java:433)
at org.testng.SuiteRunner.runSequentially(SuiteRunner.java:427)
at org.testng.SuiteRunner.privateRun(SuiteRunner.java:387)
at org.testng.SuiteRunner.run(SuiteRunner.java:330)
at org.testng.SuiteRunnerWorker.runSuite(SuiteRunnerWorker.java:52)
at org.testng.SuiteRunnerWorker.run(SuiteRunnerWorker.java:95)
at org.testng.TestNG.runSuitesSequentially(TestNG.java:1256)
at org.testng.TestNG.runSuitesLocally(TestNG.java:1176)
at org.testng.TestNG.runSuites(TestNG.java:1099)
at org.testng.TestNG.run(TestNG.java:1067)
at org.testng.remote.AbstractRemoteTestNG.run(AbstractRemoteTestNG.java:115)
at org.testng.remote.RemoteTestNG.initAndRun(RemoteTestNG.java:251)
at org.testng.remote.RemoteTestNG.main(RemoteTestNG.java:77)
]]>
    </error>
  </testcase> <!-- finalize_Cartbutton -->
  <system-out/>
</testsuite> <!-- testclasses.FinalCartPageTest -->
