<?xml version="1.0" encoding="UTF-8"?>
<!-- Generated by org.testng.reporters.JUnitReportReporter -->
<testsuite hostname="DESKTOP-VSB7U4H" failures="0" tests="20" name="testclasses.Script" time="4.476" errors="1" timestamp="2023-10-07T19:54:11 IST" skipped="19">
  <testcase classname="testclasses.Script" name="initDriver" time="4.475">
    <error message="Could not start a new session. Response code 500. Message: session not created: This version of ChromeDriver only supports Chrome version 114
Current browser version is 117.0.5938.150 with binary path C:\Program Files (x86)\Google\Chrome\Application\chrome.exe
Build info: version: &#039;4.2.2&#039;, revision: &#039;683ccb65d6&#039;
System info: host: &#039;DESKTOP-VSB7U4H&#039;, ip: &#039;192.168.1.100&#039;, os.name: &#039;Windows 11&#039;, os.arch: &#039;amd64&#039;, os.version: &#039;10.0&#039;, java.version: &#039;17.0.3&#039;
Driver info: org.openqa.selenium.chrome.ChromeDriver
Command: [null, newSession {capabilities=[Capabilities {browserName: chrome, goog:chromeOptions: {args: [--start-maximized, --remote-allow-origins=*], extensions: []}}], desiredCapabilities=Capabilities {browserName: chrome, goog:chromeOptions: {args: [--start-maximized, --remote-allow-origins=*], extensions: []}}}]" type="org.openqa.selenium.SessionNotCreatedException">
      <![CDATA[org.openqa.selenium.SessionNotCreatedException: Could not start a new session. Response code 500. Message: session not created: This version of ChromeDriver only supports Chrome version 114
Current browser version is 117.0.5938.150 with binary path C:\Program Files (x86)\Google\Chrome\Application\chrome.exe
Build info: version: '4.2.2', revision: '683ccb65d6'
System info: host: 'DESKTOP-VSB7U4H', ip: '192.168.1.100', os.name: 'Windows 11', os.arch: 'amd64', os.version: '10.0', java.version: '17.0.3'
Driver info: org.openqa.selenium.chrome.ChromeDriver
Command: [null, newSession {capabilities=[Capabilities {browserName: chrome, goog:chromeOptions: {args: [--start-maximized, --remote-allow-origins=*], extensions: []}}], desiredCapabilities=Capabilities {browserName: chrome, goog:chromeOptions: {args: [--start-maximized, --remote-allow-origins=*], extensions: []}}}]
at org.openqa.selenium.remote.ProtocolHandshake.createSession(ProtocolHandshake.java:144)
at org.openqa.selenium.remote.ProtocolHandshake.createSession(ProtocolHandshake.java:102)
at org.openqa.selenium.remote.ProtocolHandshake.createSession(ProtocolHandshake.java:67)
at org.openqa.selenium.remote.HttpCommandExecutor.execute(HttpCommandExecutor.java:156)
at org.openqa.selenium.remote.service.DriverCommandExecutor.invokeExecute(DriverCommandExecutor.java:167)
at org.openqa.selenium.remote.service.DriverCommandExecutor.execute(DriverCommandExecutor.java:142)
at org.openqa.selenium.remote.RemoteWebDriver.execute(RemoteWebDriver.java:588)
at org.openqa.selenium.remote.RemoteWebDriver.startSession(RemoteWebDriver.java:283)
at org.openqa.selenium.remote.RemoteWebDriver.<init>(RemoteWebDriver.java:184)
at org.openqa.selenium.chromium.ChromiumDriver.<init>(ChromiumDriver.java:106)
at org.openqa.selenium.chrome.ChromeDriver.<init>(ChromeDriver.java:106)
at org.openqa.selenium.chrome.ChromeDriver.<init>(ChromeDriver.java:93)
at org.openqa.selenium.chrome.ChromeDriver.<init>(ChromeDriver.java:82)
at testclasses.BaseTest.initDriver(BaseTest.java:79)
at java.base/jdk.internal.reflect.NativeMethodAccessorImpl.invoke0(Native Method)
at java.base/jdk.internal.reflect.NativeMethodAccessorImpl.invoke(NativeMethodAccessorImpl.java:77)
at java.base/jdk.internal.reflect.DelegatingMethodAccessorImpl.invoke(DelegatingMethodAccessorImpl.java:43)
at java.base/java.lang.reflect.Method.invoke(Method.java:568)
at org.testng.internal.invokers.MethodInvocationHelper.invokeMethod(MethodInvocationHelper.java:139)
at org.testng.internal.invokers.MethodInvocationHelper.invokeMethodConsideringTimeout(MethodInvocationHelper.java:69)
at org.testng.internal.invokers.ConfigInvoker.invokeConfigurationMethod(ConfigInvoker.java:361)
at org.testng.internal.invokers.ConfigInvoker.invokeConfigurations(ConfigInvoker.java:296)
at org.testng.SuiteRunner.privateRun(SuiteRunner.java:372)
at org.testng.SuiteRunner.run(SuiteRunner.java:330)
at org.testng.SuiteRunnerWorker.runSuite(SuiteRunnerWorker.java:52)
at org.testng.SuiteRunnerWorker.run(SuiteRunnerWorker.java:95)
at org.testng.TestNG.runSuitesSequentially(TestNG.java:1256)
at org.testng.TestNG.runSuitesLocally(TestNG.java:1176)
at org.testng.TestNG.runSuites(TestNG.java:1099)
at org.testng.TestNG.run(TestNG.java:1067)
at org.testng.remote.AbstractRemoteTestNG.run(AbstractRemoteTestNG.java:115)
at org.testng.remote.RemoteTestNG.initAndRun(RemoteTestNG.java:251)
at org.testng.remote.RemoteTestNG.main(RemoteTestNG.java:77)
]]>
    </error>
  </testcase> <!-- initDriver -->
  <system-out/>
  <testcase classname="testclasses.Script" name="loginAdminUser" time="0.000">
    <skipped/>
  </testcase> <!-- loginAdminUser -->
  <system-out/>
  <testcase classname="testclasses.Script" name="verifyTheURL" time="0.000">
    <skipped/>
  </testcase> <!-- verifyTheURL -->
  <system-out/>
  <testcase classname="testclasses.Script" name="opportunitiesDetailsPage" time="0.000">
    <skipped/>
  </testcase> <!-- opportunitiesDetailsPage -->
  <system-out/>
  <testcase classname="testclasses.Script" name="selectPartner" time="0.000">
    <skipped/>
  </testcase> <!-- selectPartner -->
  <system-out/>
  <testcase classname="testclasses.Script" name="viewEditOrderBillingDetailsPage" time="0.001">
    <skipped/>
  </testcase> <!-- viewEditOrderBillingDetailsPage -->
  <system-out/>
  <testcase classname="testclasses.Script" name="createQuoteButton" time="0.000">
    <skipped/>
  </testcase> <!-- createQuoteButton -->
  <system-out/>
  <testcase classname="testclasses.Script" name="configureProductsButton" time="0.000">
    <skipped/>
  </testcase> <!-- configureProductsButton -->
  <system-out/>
  <testcase classname="testclasses.Script" name="Catalogselect" time="0.000">
    <skipped/>
  </testcase> <!-- Catalogselect -->
  <system-out/>
  <testcase classname="testclasses.Script" name="selectProduct" time="0.000">
    <skipped/>
  </testcase> <!-- selectProduct -->
  <system-out/>
  <testcase classname="testclasses.Script" name="finalizeCartButton" time="0.000">
    <skipped/>
  </testcase> <!-- finalizeCartButton -->
  <system-out/>
  <testcase classname="testclasses.Script" name="synchronizeWithOpportunity" time="0.000">
    <skipped/>
  </testcase> <!-- synchronizeWithOpportunity -->
  <system-out/>
  <testcase classname="testclasses.Script" name="creditApplyUrlLink" time="0.000">
    <skipped/>
  </testcase> <!-- creditApplyUrlLink -->
  <system-out/>
  <testcase classname="testclasses.Script" name="AfterCreditQuotePage" time="0.000">
    <skipped/>
  </testcase> <!-- AfterCreditQuotePage -->
  <system-out/>
  <testcase classname="testclasses.Script" name="saveAgreement" time="0.000">
    <skipped/>
  </testcase> <!-- saveAgreement -->
  <system-out/>
  <testcase classname="testclasses.Script" name="generateOfButton" time="0.000">
    <skipped/>
  </testcase> <!-- generateOfButton -->
  <system-out/>
  <testcase classname="testclasses.Script" name="generateOf" time="0.000">
    <skipped/>
  </testcase> <!-- generateOf -->
  <system-out/>
  <testcase classname="testclasses.Script" name="customerSignatureReceivedButton" time="0.000">
    <skipped/>
  </testcase> <!-- customerSignatureReceivedButton -->
  <system-out/>
  <testcase classname="testclasses.Script" name="relatedOpportunityLink" time="0.000">
    <skipped/>
  </testcase> <!-- relatedOpportunityLink -->
  <system-out/>
  <testcase classname="testclasses.Script" name="opportunitySubmitButton" time="0.000">
    <skipped/>
  </testcase> <!-- opportunitySubmitButton -->
  <system-out/>
</testsuite> <!-- testclasses.Script -->
